# JRE version: OpenJDK Runtime Environment Temurin-21.0.5+11 (21.0.5+11) (build 21.0.5+11-LTS)
# Java VM: OpenJDK 64-Bit Server VM Temurin-21.0.5+11 (21.0.5+11-LTS, mixed mode, emulated-client, sharing, tiered, compressed oops, compressed class ptrs, g1 gc, windows-amd64)
GC Precious Log:
 CardTable entry size: 512
 Card Set container configuration: InlinePtr #cards 4 size 8 Array Of Cards #cards 16 size 48 Howl #buckets 8 coarsen threshold 3686 Howl Bitmap #cards 512 size 80 coarsen threshold 460 Card regions per heap region 1 cards per card region 4096
 CPUs: 16 total, 16 available
 Memory: 16085M
 Large Page Support: Disabled
 NUMA Support: Disabled
 Compressed Oops: Enabled (Zero based)
 Heap Region Size: 2M
 Heap Min Capacity: 8M
 Heap Initial Capacity: 252M
 Heap Max Capacity: 4022M
 Pre-touch: Disabled
 Parallel Workers: 13
 Concurrent Workers: 3
 Concurrent Refinement Workers: 13
 Periodic GC: Disabled
Heap:
 garbage-first heap   total 96256K, used 49945K [0x0000000704a00000, 0x0000000800000000)
  region size 2048K, 10 young (20480K), 3 survivors (6144K)
 Metaspace       used 85688K, committed 86528K, reserved 1179648K
  class space    used 11854K, committed 12288K, reserved 1048576K
GC Heap History (20 events):
Event: 355.625 GC heap before
{Heap before GC invocations=46 (full 8):
 garbage-first heap   total 116736K, used 96815K [0x0000000704a00000, 0x0000000800000000)
  region size 2048K, 33 young (67584K), 0 survivors (0K)
 Metaspace       used 84956K, committed 85696K, reserved 1179648K
  class space    used 11787K, committed 12160K, reserved 1048576K
}
Event: 355.628 GC heap after
{Heap after GC invocations=47 (full 8):
 garbage-first heap   total 116736K, used 36824K [0x0000000704a00000, 0x0000000800000000)
  region size 2048K, 3 young (6144K), 3 survivors (6144K)
 Metaspace       used 84956K, committed 85696K, reserved 1179648K
  class space    used 11787K, committed 12160K, reserved 1048576K
}
Event: 369.542 GC heap before
{Heap before GC invocations=47 (full 8):
 garbage-first heap   total 116736K, used 79832K [0x0000000704a00000, 0x0000000800000000)
  region size 2048K, 25 young (51200K), 3 survivors (6144K)
 Metaspace       used 85423K, committed 86144K, reserved 1179648K
  class space    used 11823K, committed 12160K, reserved 1048576K
}
Event: 369.574 GC heap after
{Heap after GC invocations=48 (full 9):
 garbage-first heap   total 116736K, used 31978K [0x0000000704a00000, 0x0000000800000000)
  region size 2048K, 0 young (0K), 0 survivors (0K)
 Metaspace       used 85417K, committed 86144K, reserved 1179648K
  class space    used 11822K, committed 12160K, reserved 1048576K
}
Event: 369.873 GC heap before
{Heap before GC invocations=48 (full 9):
 garbage-first heap   total 116736K, used 95466K [0x0000000704a00000, 0x0000000800000000)
  region size 2048K, 32 young (65536K), 0 survivors (0K)
 Metaspace       used 85722K, committed 86464K, reserved 1179648K
  class space    used 11869K, committed 12224K, reserved 1048576K
}
Event: 369.876 GC heap after
{Heap after GC invocations=49 (full 9):
 garbage-first heap   total 116736K, used 37307K [0x0000000704a00000, 0x0000000800000000)
  region size 2048K, 3 young (6144K), 3 survivors (6144K)
 Metaspace       used 85722K, committed 86464K, reserved 1179648K
  class space    used 11869K, committed 12224K, reserved 1048576K
}
Event: 369.965 GC heap before
{Heap before GC invocations=49 (full 9):
 garbage-first heap   total 116736K, used 55739K [0x0000000704a00000, 0x0000000800000000)
  region size 2048K, 13 young (26624K), 3 survivors (6144K)
 Metaspace       used 86013K, committed 86720K, reserved 1179648K
  class space    used 11890K, committed 12224K, reserved 1048576K
}
Event: 369.967 GC heap after
{Heap after GC invocations=50 (full 9):
 garbage-first heap   total 116736K, used 39053K [0x0000000704a00000, 0x0000000800000000)
  region size 2048K, 2 young (4096K), 2 survivors (4096K)
 Metaspace       used 86013K, committed 86720K, reserved 1179648K
  class space    used 11890K, committed 12224K, reserved 1048576K
}
Event: 418.675 GC heap before
{Heap before GC invocations=51 (full 9):
 garbage-first heap   total 116736K, used 69773K [0x0000000704a00000, 0x0000000800000000)
  region size 2048K, 18 young (36864K), 2 survivors (4096K)
 Metaspace       used 86332K, committed 87104K, reserved 1179648K
  class space    used 11917K, committed 12288K, reserved 1048576K
}
Event: 418.709 GC heap after
{Heap after GC invocations=52 (full 10):
 garbage-first heap   total 116736K, used 32191K [0x0000000704a00000, 0x0000000800000000)
  region size 2048K, 0 young (0K), 0 survivors (0K)
 Metaspace       used 86326K, committed 87104K, reserved 1179648K
  class space    used 11916K, committed 12288K, reserved 1048576K
}
Event: 419.008 GC heap before
{Heap before GC invocations=52 (full 10):
 garbage-first heap   total 116736K, used 97727K [0x0000000704a00000, 0x0000000800000000)
  region size 2048K, 33 young (67584K), 0 survivors (0K)
 Metaspace       used 86637K, committed 87424K, reserved 1179648K
  class space    used 11964K, committed 12352K, reserved 1048576K
}
Event: 419.011 GC heap after
{Heap after GC invocations=53 (full 10):
 garbage-first heap   total 116736K, used 37586K [0x0000000704a00000, 0x0000000800000000)
  region size 2048K, 3 young (6144K), 3 survivors (6144K)
 Metaspace       used 86637K, committed 87424K, reserved 1179648K
  class space    used 11964K, committed 12352K, reserved 1048576K
}
Event: 533.120 GC heap before
{Heap before GC invocations=53 (full 10):
 garbage-first heap   total 116736K, used 90834K [0x0000000704a00000, 0x0000000800000000)
  region size 2048K, 30 young (61440K), 3 survivors (6144K)
 Metaspace       used 87122K, committed 87872K, reserved 1179648K
  class space    used 11997K, committed 12352K, reserved 1048576K
}
Event: 533.123 GC heap after
{Heap after GC invocations=54 (full 10):
 garbage-first heap   total 116736K, used 39210K [0x0000000704a00000, 0x0000000800000000)
  region size 2048K, 4 young (8192K), 4 survivors (8192K)
 Metaspace       used 87122K, committed 87872K, reserved 1179648K
  class space    used 11997K, committed 12352K, reserved 1048576K
}
Event: 533.166 GC heap before
{Heap before GC invocations=55 (full 10):
 garbage-first heap   total 116736K, used 41258K [0x0000000704a00000, 0x0000000800000000)
  region size 2048K, 6 young (12288K), 4 survivors (8192K)
 Metaspace       used 87036K, committed 87872K, reserved 1179648K
  class space    used 11975K, committed 12352K, reserved 1048576K
}
Event: 533.201 GC heap after
{Heap after GC invocations=56 (full 11):
 garbage-first heap   total 96256K, used 27017K [0x0000000704a00000, 0x0000000800000000)
  region size 2048K, 0 young (0K), 0 survivors (0K)
 Metaspace       used 84715K, committed 86464K, reserved 1179648K
  class space    used 11719K, committed 12288K, reserved 1048576K
}
Event: 535.534 GC heap before
{Heap before GC invocations=56 (full 11):
 garbage-first heap   total 96256K, used 82313K [0x0000000704a00000, 0x0000000800000000)
  region size 2048K, 28 young (57344K), 0 survivors (0K)
 Metaspace       used 85071K, committed 86464K, reserved 1179648K
  class space    used 11789K, committed 12288K, reserved 1048576K
}
Event: 535.536 GC heap after
{Heap after GC invocations=57 (full 11):
 garbage-first heap   total 96256K, used 32929K [0x0000000704a00000, 0x0000000800000000)
  region size 2048K, 3 young (6144K), 3 survivors (6144K)
 Metaspace       used 85071K, committed 86464K, reserved 1179648K
  class space    used 11789K, committed 12288K, reserved 1048576K
}
Event: 535.795 GC heap before
{Heap before GC invocations=58 (full 11):
 garbage-first heap   total 96256K, used 82081K [0x0000000704a00000, 0x0000000800000000)
  region size 2048K, 27 young (55296K), 3 survivors (6144K)
 Metaspace       used 85669K, committed 86528K, reserved 1179648K
  class space    used 11850K, committed 12288K, reserved 1048576K
}
Event: 535.798 GC heap after
{Heap after GC invocations=59 (full 11):
 garbage-first heap   total 96256K, used 37657K [0x0000000704a00000, 0x0000000800000000)
  region size 2048K, 3 young (6144K), 3 survivors (6144K)
 Metaspace       used 85669K, committed 86528K, reserved 1179648K
  class space    used 11850K, committed 12288K, reserved 1048576K
}

